\BOOKMARK [1][-]{section.1}{\376\377\000L\000a\000b\0002\000-\0002\000\040\000M\000i\000c\000h\000e\000l\000s\000o\000n\136\162\155\211\133\236\232\214\377\010\166\175\121\111\136\162\155\211\377\011\000\040\000\040\230\204\116\140\142\245\124\112}{}% 1
\BOOKMARK [2][-]{subsection.1.1}{\376\377\133\236\232\214\166\356\166\204}{section.1}% 2
\BOOKMARK [2][-]{subsection.1.2}{\376\377\116\352\126\150\165\050\121\167}{section.1}% 3
\BOOKMARK [2][-]{subsection.1.3}{\376\377\123\237\164\006\151\202\217\360}{section.1}% 4
\BOOKMARK [3][-]{subsubsection.1.3.1}{\376\377\155\113\224\240\123\314\236\304\176\277\166\204\154\342\225\177\135\356}{subsection.1.3}% 5
\BOOKMARK [3][-]{subsubsection.1.3.2}{\376\377\166\175\121\111\136\162\155\211\166\204\214\003\202\202\377\014\136\166\155\113\133\232\220\017\146\016\205\204\162\107\166\204\123\232\136\246\000\040\000t\000\040\142\026\200\005\142\230\134\004\163\207\000\040\000n}{subsection.1.3}% 6
\BOOKMARK [2][-]{subsection.1.4}{\376\377\133\236\232\214\122\115\140\035\200\003\230\230}{section.1}% 7
\BOOKMARK [1][-]{section.2}{\376\377\000L\000a\000b\0002\000-\0002\000\040\000M\000i\000c\000h\000e\000l\000s\000o\000n\136\162\155\211\133\236\232\214\377\010\166\175\121\111\136\162\155\211\377\011\000\040\000\040\133\236\232\214\213\260\137\125}{}% 8
\BOOKMARK [2][-]{subsection.2.1}{\376\377\133\236\232\214\121\205\133\271\060\001\153\145\232\244\116\016\176\323\147\234}{section.2}% 9
\BOOKMARK [3][-]{subsubsection.2.1.1}{\376\377\214\003\202\202\000M\000i\000c\000h\000e\000l\000s\000o\000n\136\162\155\211\116\352\377\014\117\177\116\247\165\037\133\232\127\337\173\111\120\076\136\162\155\211\147\141\176\271}{subsection.2.1}% 10
\BOOKMARK [3][-]{subsubsection.2.1.2}{\376\377\155\113\224\240\123\314\236\304\176\277\166\204\154\342\225\177\135\356}{subsection.2.1}% 11
\BOOKMARK [3][-]{subsubsection.2.1.3}{\376\377\122\051\165\050\166\175\121\111\136\162\155\211\155\113\133\232\220\017\146\016\205\204\162\107\166\204\142\230\134\004\163\207\000\040\000n}{subsection.2.1}% 12
\BOOKMARK [2][-]{subsection.2.2}{\376\377\123\237\131\313\145\160\143\156\213\260\137\125}{section.2}% 13
\BOOKMARK [2][-]{subsection.2.3}{\376\377\133\236\232\214\217\307\172\013\116\055\220\107\122\060\166\204\225\356\230\230\213\260\137\125}{section.2}% 14
\BOOKMARK [1][-]{section.3}{\376\377\000L\000a\000b\0002\000-\0002\000\040\000M\000i\000c\000h\000e\000l\000s\000o\000n\136\162\155\211\133\236\232\214\377\010\166\175\121\111\136\162\155\211\377\011\000\040\000\040\122\006\147\220\116\016\213\250\213\272}{}% 15
\BOOKMARK [2][-]{subsection.3.1}{\376\377\133\236\232\214\145\160\143\156\122\006\147\220}{section.3}% 16
\BOOKMARK [3][-]{subsubsection.3.1.1}{\376\377\133\236\232\214\155\211\123\312\122\060\166\204\166\370\121\163\123\302\145\160}{subsection.3.1}% 17
\BOOKMARK [3][-]{subsubsection.3.1.2}{\376\377\150\071\143\156\155\113\221\317\137\227\122\060\166\204\145\160\143\156\213\241\173\227\166\370\121\163\162\151\164\006\221\317}{subsection.3.1}% 18
\BOOKMARK [3][-]{subsubsection.3.1.3}{\376\377\116\015\170\156\133\232\136\246\213\304\133\232}{subsection.3.1}% 19
\BOOKMARK [2][-]{subsection.3.2}{\376\377\133\236\232\214\124\016\140\035\200\003\230\230}{section.3}% 20
\BOOKMARK [1][-]{section.4}{\376\377\000L\000a\000b\0002\000-\0002\000\040\000M\000i\000c\000h\000e\000l\000s\000o\000n\136\162\155\211\133\236\232\214\377\010\166\175\121\111\136\162\155\211\377\011\000\040\000\040\176\323\213\355}{}% 21
\BOOKMARK [2][-]{subsection.4.1}{\376\377\140\073\176\323\060\001\147\102\214\010\116\016\201\364\214\042}{section.4}% 22
\BOOKMARK [2][-]{subsection.4.2}{\376\377\123\302\200\003\145\207\163\056}{section.4}% 23
\BOOKMARK [2][-]{subsection.4.3}{\376\377\226\104\116\366}{section.4}% 24
