\BOOKMARK [1][-]{section.1}{\376\377\000L\000a\000b\0002\000-\0001\000\040\123\237\133\120\166\204\123\321\134\004\124\214\124\070\145\066\121\111\214\061\211\302\155\113\122\006\147\220\133\236\232\214\000\040\000\040\230\204\116\140\142\245\124\112}{}% 1
\BOOKMARK [2][-]{subsection.1.1}{\376\377\133\236\232\214\166\356\166\204}{section.1}% 2
\BOOKMARK [2][-]{subsection.1.2}{\376\377\116\352\126\150\165\050\121\167}{section.1}% 3
\BOOKMARK [2][-]{subsection.1.3}{\376\377\123\237\164\006\151\202\217\360}{section.1}% 4
\BOOKMARK [3][-]{subsubsection.1.3.1}{\376\377\000C\000A\0003\000.\0001\000\040\123\237\133\120\123\321\134\004\121\111\214\061\166\204\211\302\155\113}{subsection.1.3}% 5
\BOOKMARK [3][-]{subsubsection.1.3.2}{\376\377\000C\000A\0003\000.\0002\000\040\123\237\133\120\124\070\145\066\121\111\214\061\166\204\211\302\155\113}{subsection.1.3}% 6
\BOOKMARK [2][-]{subsection.1.4}{\376\377\133\236\232\214\122\115\140\035\200\003\230\230}{section.1}% 7
\BOOKMARK [1][-]{section.2}{\376\377\000L\000a\000b\0002\000-\0001\000\040\123\237\133\120\166\204\123\321\134\004\124\214\124\070\145\066\121\111\214\061\211\302\155\113\122\006\147\220\133\236\232\214\000\040\000\040\133\236\232\214\213\260\137\125}{}% 8
\BOOKMARK [2][-]{subsection.2.1}{\376\377\133\236\232\214\121\205\133\271\060\001\153\145\232\244\116\016\176\323\147\234}{section.2}% 9
\BOOKMARK [3][-]{subsubsection.2.1.1}{\376\377\144\315\117\134\153\145\232\244\213\260\137\125}{subsection.2.1}% 10
\BOOKMARK [3][-]{subsubsection.2.1.2}{}{subsection.2.1}% 11
\BOOKMARK [2][-]{subsection.2.2}{\376\377\123\237\131\313\145\160\143\156\213\260\137\125}{section.2}% 12
\BOOKMARK [2][-]{subsection.2.3}{\376\377\133\236\232\214\217\307\172\013\116\055\220\107\122\060\166\204\225\356\230\230\213\260\137\125}{section.2}% 13
\BOOKMARK [1][-]{section.3}{\376\377\000L\000a\000b\0002\000-\0001\000\040\123\237\133\120\166\204\123\321\134\004\124\214\124\070\145\066\121\111\214\061\211\302\155\113\122\006\147\220\133\236\232\214\000\040\000\040\122\006\147\220\116\016\213\250\213\272}{}% 14
\BOOKMARK [2][-]{subsection.3.1}{\376\377\133\236\232\214\145\160\143\156\122\006\147\220}{section.3}% 15
\BOOKMARK [3][-]{subsubsection.3.1.1}{}{subsection.3.1}% 16
\BOOKMARK [3][-]{subsubsection.3.1.2}{}{subsection.3.1}% 17
\BOOKMARK [3][-]{subsubsection.3.1.3}{}{subsection.3.1}% 18
\BOOKMARK [2][-]{subsection.3.2}{\376\377\133\236\232\214\124\016\140\035\200\003\230\230}{section.3}% 19
\BOOKMARK [1][-]{section.4}{\376\377\000L\000a\000b\0002\000-\0001\000\040\123\237\133\120\166\204\123\321\134\004\124\214\124\070\145\066\121\111\214\061\211\302\155\113\122\006\147\220\133\236\232\214\000\040\000\040\176\323\213\355}{}% 20
\BOOKMARK [2][-]{subsection.4.1}{\376\377\140\073\176\323\060\001\147\102\214\010\116\016\201\364\214\042}{section.4}% 21
\BOOKMARK [2][-]{subsection.4.2}{\376\377\123\302\200\003\145\207\163\056}{section.4}% 22
\BOOKMARK [2][-]{subsection.4.3}{\376\377\226\104\116\366}{section.4}% 23
